<?xml version="1.0" encoding="UTF-8"?>
<testng-results ignored="0" total="1" passed="1" failed="0" skipped="0">
  <reporter-output>
  </reporter-output>
  <suite started-at="2023-09-27T19:30:40 IST" name="Default suite" finished-at="2023-09-27T19:30:49 IST" duration-ms="9275">
    <groups>
      <group name="cucumber">
        <method signature="AbstractTestNGCucumberTests.runScenario(io.cucumber.testng.PickleWrapper,io.cucumber.testng.FeatureWrapper)[pri:0, instance:rojaRunners.sampleRunner@626abbd0]" name="runScenario" class="io.cucumber.testng.AbstractTestNGCucumberTests"/>
      </group> <!-- cucumber -->
    </groups>
    <test started-at="2023-09-27T19:30:40 IST" name="Default test" finished-at="2023-09-27T19:30:49 IST" duration-ms="9275">
      <class name="rojaRunners.sampleRunner">
        <test-method is-config="true" signature="setUpClass(org.testng.ITestContext)[pri:0, instance:rojaRunners.sampleRunner@626abbd0]" started-at="2023-09-27T19:30:40 IST" name="setUpClass" finished-at="2023-09-27T19:30:41 IST" duration-ms="644" status="PASS">
          <params>
            <param index="0">
              <value>
                <![CDATA[org.testng.TestRunner@2baf72d5]]>
              </value>
            </param>
          </params>
          <reporter-output>
          </reporter-output>
        </test-method> <!-- setUpClass -->
        <test-method signature="runScenario(io.cucumber.testng.PickleWrapper,io.cucumber.testng.FeatureWrapper)[pri:0, instance:rojaRunners.sampleRunner@626abbd0]" started-at="2023-09-27T19:30:41 IST" name="runScenario" description="Runs Cucumber Scenarios" data-provider="scenarios" finished-at="2023-09-27T19:30:48 IST" duration-ms="7901" status="PASS">
          <params>
            <param index="0">
              <value>
                <![CDATA["User should not be able to login to the application"]]>
              </value>
            </param>
            <param index="1">
              <value>
                <![CDATA["Login feature file for test case"]]>
              </value>
            </param>
          </params>
          <reporter-output>
          </reporter-output>
        </test-method> <!-- runScenario -->
        <test-method is-config="true" signature="tearDownClass()[pri:0, instance:rojaRunners.sampleRunner@626abbd0]" started-at="2023-09-27T19:30:48 IST" name="tearDownClass" finished-at="2023-09-27T19:30:49 IST" duration-ms="663" status="PASS">
          <reporter-output>
          </reporter-output>
        </test-method> <!-- tearDownClass -->
      </class> <!-- rojaRunners.sampleRunner -->
    </test> <!-- Default test -->
  </suite> <!-- Default suite -->
</testng-results>
